OrderOfCheckers.java:12:99: compiler.err.proc.messager: (assignment.type.incompatible)
OrderOfCheckers.java:12:99: compiler.err.proc.messager: (assignment.type.incompatible)
OrderOfCheckers.java:12:99: compiler.err.proc.messager: (assignment.type.incompatible)
OrderOfCheckers.java:12:99: compiler.err.proc.messager: (assignment.type.incompatible)
OrderOfCheckers.java:12:99: compiler.err.proc.messager: (assignment.type.incompatible)
ErrorOrders.java:13:11: compiler.err.proc.messager: (array.access.unsafe.low)
ErrorOrders.java:13:11: compiler.err.proc.messager: (array.access.unsafe.high)
ErrorOrders.java:23:29: compiler.warn.proc.messager: (local.variable.unsafe.dependent.annotation)
ErrorOrders.java:23:33: compiler.err.proc.messager: (assignment.type.incompatible)
ErrorOrders.java:24:47: compiler.err.proc.messager: (expression.unparsable.type.invalid)
ErrorOrders.java:24:51: compiler.warn.proc.messager: (dependent.not.permitted)
ErrorOrders.java:24:51: compiler.warn.proc.messager: (local.variable.unsafe.dependent.annotation)
ErrorOrders.java:24:55: compiler.err.proc.messager: (assignment.type.incompatible)
ErrorOrders.java:29:15: compiler.err.proc.messager: (argument.type.incompatible)
ErrorOrders.java:29:15: compiler.err.proc.messager: (argument.type.incompatible)
ErrorOrders.java:29:24: compiler.err.proc.messager: (argument.type.incompatible)
ErrorOrders.java:29:24: compiler.err.proc.messager: (argument.type.incompatible)
ErrorOrders.java:29:25: compiler.err.proc.messager: (argument.type.incompatible)
ErrorOrders.java:29:25: compiler.err.proc.messager: (argument.type.incompatible)
ErrorOrders.java:29:29: compiler.err.proc.messager: (argument.type.incompatible)
ErrorOrders.java:29:29: compiler.err.proc.messager: (argument.type.incompatible)
ErrorOrders.java:29:33: compiler.err.proc.messager: (argument.type.incompatible)
ErrorOrders.java:29:37: compiler.err.proc.messager: (argument.type.incompatible)
ErrorOrders.java:29:41: compiler.err.proc.messager: (argument.type.incompatible)
ErrorOrders.java:29:46: compiler.err.proc.messager: (argument.type.incompatible)
ErrorOrders.java:29:50: compiler.err.proc.messager: (argument.type.incompatible)
ErrorOrders.java:29:54: compiler.err.proc.messager: (argument.type.incompatible)
ErrorOrders.java:33:47: compiler.err.proc.messager: (expression.unparsable.type.invalid)
ErrorOrders.java:33:51: compiler.warn.proc.messager: (dependent.not.permitted)
ErrorOrders.java:33:55: compiler.err.proc.messager: (assignment.type.incompatible)
ErrorOrders.java:36:15: compiler.err.proc.messager: (array.access.unsafe.low)
ErrorOrders.java:36:15: compiler.err.proc.messager: (array.access.unsafe.high)
ErrorOrders.java:42:43: compiler.err.proc.messager: (expression.unparsable.type.invalid)
ErrorOrders.java:42:47: compiler.warn.proc.messager: (dependent.not.permitted)
ErrorOrders.java:42:51: compiler.err.proc.messager: (assignment.type.incompatible)
ErrorOrders.java:45:11: compiler.err.proc.messager: (array.access.unsafe.low)
ErrorOrders.java:45:11: compiler.err.proc.messager: (array.access.unsafe.high)
ErrorOrders.java:55:29: compiler.warn.proc.messager: (local.variable.unsafe.dependent.annotation)
ErrorOrders.java:55:33: compiler.err.proc.messager: (assignment.type.incompatible)
ErrorOrders.java:56:47: compiler.err.proc.messager: (expression.unparsable.type.invalid)
ErrorOrders.java:56:51: compiler.warn.proc.messager: (dependent.not.permitted)
ErrorOrders.java:56:51: compiler.warn.proc.messager: (local.variable.unsafe.dependent.annotation)
ErrorOrders.java:56:55: compiler.err.proc.messager: (assignment.type.incompatible)
ErrorOrders.java:61:15: compiler.err.proc.messager: (argument.type.incompatible)
ErrorOrders.java:61:15: compiler.err.proc.messager: (argument.type.incompatible)
ErrorOrders.java:61:24: compiler.err.proc.messager: (argument.type.incompatible)
ErrorOrders.java:61:24: compiler.err.proc.messager: (argument.type.incompatible)
ErrorOrders.java:61:25: compiler.err.proc.messager: (argument.type.incompatible)
ErrorOrders.java:61:25: compiler.err.proc.messager: (argument.type.incompatible)
ErrorOrders.java:61:29: compiler.err.proc.messager: (argument.type.incompatible)
ErrorOrders.java:61:29: compiler.err.proc.messager: (argument.type.incompatible)
ErrorOrders.java:61:33: compiler.err.proc.messager: (argument.type.incompatible)
ErrorOrders.java:61:37: compiler.err.proc.messager: (argument.type.incompatible)
ErrorOrders.java:61:41: compiler.err.proc.messager: (argument.type.incompatible)
ErrorOrders.java:61:46: compiler.err.proc.messager: (argument.type.incompatible)
ErrorOrders.java:61:50: compiler.err.proc.messager: (argument.type.incompatible)
ErrorOrders.java:61:54: compiler.err.proc.messager: (argument.type.incompatible)
49 errors
8 warnings